2023-04-11 18:59:41.433  INFO 22124 --- [main] com.ricoh.jwdaas.JwDaasApplication       : Starting JwDaasApplication using Java 1.8.0_60 on doa7904 with PID 22124 (D:\ideaworkspace\JwDaas\target\classes started by 136624 in D:\ideaworkspace\JwDaas)
2023-04-11 18:59:41.435  INFO 22124 --- [main] com.ricoh.jwdaas.JwDaasApplication       : The following 1 profile is active: "dev"
2023-04-11 18:59:42.166  INFO 22124 --- [main] o.s.b.w.embedded.tomcat.TomcatWebServer  : Tomcat initialized with port(s): 8080 (http)
2023-04-11 18:59:42.171  INFO 22124 --- [main] o.apache.catalina.core.StandardService   : Starting service [Tomcat]
2023-04-11 18:59:42.172  INFO 22124 --- [main] org.apache.catalina.core.StandardEngine  : Starting Servlet engine: [Apache Tomcat/9.0.73]
2023-04-11 18:59:42.292  INFO 22124 --- [main] o.a.c.c.C.[Tomcat].[localhost].[/]       : Initializing Spring embedded WebApplicationContext
2023-04-11 18:59:42.292  INFO 22124 --- [main] w.s.c.ServletWebServerApplicationContext : Root WebApplicationContext: initialization completed in 827 ms
2023-04-11 18:59:42.364  INFO 22124 --- [main] c.a.d.s.b.a.DruidDataSourceAutoConfigure : Init DruidDataSource
2023-04-11 18:59:42.719  INFO 22124 --- [main] com.alibaba.druid.pool.DruidDataSource   : {dataSource-1} inited
2023-04-11 18:59:42.960  INFO 22124 --- [main] o.s.s.web.DefaultSecurityFilterChain     : Will secure any request with [org.springframework.security.web.session.DisableEncodeUrlFilter@52ff99cd, org.springframework.security.web.context.request.async.WebAsyncManagerIntegrationFilter@4c2af006, org.springframework.security.web.context.SecurityContextPersistenceFilter@7b4a0aef, org.springframework.security.web.header.HeaderWriterFilter@46aa712c, org.springframework.web.filter.CorsFilter@44032fde, org.springframework.security.web.authentication.logout.LogoutFilter@6d5c2745, com.ricoh.jwdaas.filter.JwtRequestFilter@49ede9c7, org.springframework.security.web.savedrequest.RequestCacheAwareFilter@26d41711, org.springframework.security.web.servletapi.SecurityContextHolderAwareRequestFilter@2f4e40d7, org.springframework.security.web.authentication.AnonymousAuthenticationFilter@7b676112, org.springframework.security.web.session.SessionManagementFilter@7412ed6b, org.springframework.security.web.access.ExceptionTranslationFilter@7fb66650, org.springframework.security.web.access.intercept.FilterSecurityInterceptor@2dd0f797]
2023-04-11 18:59:43.213  INFO 22124 --- [main] o.s.b.w.embedded.tomcat.TomcatWebServer  : Tomcat started on port(s): 8080 (http) with context path ''
2023-04-11 18:59:43.219  INFO 22124 --- [main] com.ricoh.jwdaas.JwDaasApplication       : Started JwDaasApplication in 2.078 seconds (JVM running for 3.13)
2023-04-11 18:59:51.009  INFO 22124 --- [http-nio-8080-exec-1] o.a.c.c.C.[Tomcat].[localhost].[/]       : Initializing Spring DispatcherServlet 'dispatcherServlet'
2023-04-11 18:59:51.010  INFO 22124 --- [http-nio-8080-exec-1] o.s.web.servlet.DispatcherServlet        : Initializing Servlet 'dispatcherServlet'
2023-04-11 18:59:51.010  INFO 22124 --- [http-nio-8080-exec-1] o.s.web.servlet.DispatcherServlet        : Completed initialization in 0 ms
2023-04-11 19:00:11.084  WARN 22124 --- [http-nio-8080-exec-4] c.ricoh.jwdaas.filter.JwtRequestFilter   : JWT Token does not begin with Bearer String
2023-04-11 19:00:44.815  WARN 22124 --- [http-nio-8080-exec-3] c.ricoh.jwdaas.filter.JwtRequestFilter   : JWT Token does not begin with Bearer String
2023-04-11 19:00:53.092  WARN 22124 --- [http-nio-8080-exec-2] c.ricoh.jwdaas.filter.JwtRequestFilter   : JWT Token does not begin with Bearer String
2023-04-11 19:02:46.934  INFO 22124 --- [SpringApplicationShutdownHook] com.alibaba.druid.pool.DruidDataSource   : {dataSource-1} closing ...
2023-04-11 19:02:46.936  INFO 22124 --- [SpringApplicationShutdownHook] com.alibaba.druid.pool.DruidDataSource   : {dataSource-1} closed
2023-04-11 19:02:55.046  INFO 28372 --- [main] com.ricoh.jwdaas.JwDaasApplication       : Starting JwDaasApplication using Java 1.8.0_60 on doa7904 with PID 28372 (D:\ideaworkspace\JwDaas\target\classes started by 136624 in D:\ideaworkspace\JwDaas)
2023-04-11 19:02:55.048  INFO 28372 --- [main] com.ricoh.jwdaas.JwDaasApplication       : The following 1 profile is active: "dev"
2023-04-11 19:02:55.908  INFO 28372 --- [main] o.s.b.w.embedded.tomcat.TomcatWebServer  : Tomcat initialized with port(s): 8080 (http)
2023-04-11 19:02:55.914  INFO 28372 --- [main] o.apache.catalina.core.StandardService   : Starting service [Tomcat]
2023-04-11 19:02:55.914  INFO 28372 --- [main] org.apache.catalina.core.StandardEngine  : Starting Servlet engine: [Apache Tomcat/9.0.73]
2023-04-11 19:02:56.043  INFO 28372 --- [main] o.a.c.c.C.[Tomcat].[localhost].[/]       : Initializing Spring embedded WebApplicationContext
2023-04-11 19:02:56.044  INFO 28372 --- [main] w.s.c.ServletWebServerApplicationContext : Root WebApplicationContext: initialization completed in 957 ms
2023-04-11 19:02:56.133  INFO 28372 --- [main] c.a.d.s.b.a.DruidDataSourceAutoConfigure : Init DruidDataSource
2023-04-11 19:02:56.434  INFO 28372 --- [main] com.alibaba.druid.pool.DruidDataSource   : {dataSource-1} inited
2023-04-11 19:02:56.736  INFO 28372 --- [main] o.s.s.web.DefaultSecurityFilterChain     : Will secure any request with [org.springframework.security.web.session.DisableEncodeUrlFilter@4601203a, org.springframework.security.web.context.request.async.WebAsyncManagerIntegrationFilter@53abfc07, org.springframework.security.web.context.SecurityContextPersistenceFilter@2264ea32, org.springframework.security.web.header.HeaderWriterFilter@5f2bd6d9, org.springframework.web.filter.CorsFilter@2c8c16c0, org.springframework.security.web.authentication.logout.LogoutFilter@2fcd7d3f, com.ricoh.jwdaas.filter.JwtRequestFilter@1e86a5a7, org.springframework.security.web.savedrequest.RequestCacheAwareFilter@71e4b308, org.springframework.security.web.servletapi.SecurityContextHolderAwareRequestFilter@5a3a1bf9, org.springframework.security.web.authentication.AnonymousAuthenticationFilter@80bfa9d, org.springframework.security.web.session.SessionManagementFilter@43d9f1a2, org.springframework.security.web.access.ExceptionTranslationFilter@44b29496, org.springframework.security.web.access.intercept.FilterSecurityInterceptor@797c3c3b]
2023-04-11 19:02:56.866  WARN 28372 --- [main] ConfigServletWebServerApplicationContext : Exception encountered during context initialization - cancelling refresh attempt: org.springframework.beans.factory.BeanCreationException: Error creating bean with name 'requestMappingHandlerMapping' defined in class path resource [org/springframework/boot/autoconfigure/web/servlet/WebMvcAutoConfiguration$EnableWebMvcConfiguration.class]: Invocation of init method failed; nested exception is java.lang.IllegalStateException: Ambiguous mapping. Cannot map 'userController' method 
com.ricoh.jwdaas.controller.UserController#user()
to {GET [/user]}: There is already 'cpntroller' bean method
com.ricoh.jwdaas.Cpntroller#user() mapped.
2023-04-11 19:02:56.867  INFO 28372 --- [main] com.alibaba.druid.pool.DruidDataSource   : {dataSource-1} closing ...
2023-04-11 19:02:56.869  INFO 28372 --- [main] com.alibaba.druid.pool.DruidDataSource   : {dataSource-1} closed
2023-04-11 19:02:56.871  INFO 28372 --- [main] o.apache.catalina.core.StandardService   : Stopping service [Tomcat]
2023-04-11 19:02:56.879  INFO 28372 --- [main] ConditionEvaluationReportLoggingListener : 

Error starting ApplicationContext. To display the conditions report re-run your application with 'debug' enabled.
2023-04-11 19:02:56.896 ERROR 28372 --- [main] o.s.boot.SpringApplication               : Application run failed

org.springframework.beans.factory.BeanCreationException: Error creating bean with name 'requestMappingHandlerMapping' defined in class path resource [org/springframework/boot/autoconfigure/web/servlet/WebMvcAutoConfiguration$EnableWebMvcConfiguration.class]: Invocation of init method failed; nested exception is java.lang.IllegalStateException: Ambiguous mapping. Cannot map 'userController' method 
com.ricoh.jwdaas.controller.UserController#user()
to {GET [/user]}: There is already 'cpntroller' bean method
com.ricoh.jwdaas.Cpntroller#user() mapped.
	at org.springframework.beans.factory.support.AbstractAutowireCapableBeanFactory.initializeBean(AbstractAutowireCapableBeanFactory.java:1804) ~[spring-beans-5.3.26.jar:5.3.26]
	at org.springframework.beans.factory.support.AbstractAutowireCapableBeanFactory.doCreateBean(AbstractAutowireCapableBeanFactory.java:620) ~[spring-beans-5.3.26.jar:5.3.26]
	at org.springframework.beans.factory.support.AbstractAutowireCapableBeanFactory.createBean(AbstractAutowireCapableBeanFactory.java:542) ~[spring-beans-5.3.26.jar:5.3.26]
	at org.springframework.beans.factory.support.AbstractBeanFactory.lambda$doGetBean$0(AbstractBeanFactory.java:335) ~[spring-beans-5.3.26.jar:5.3.26]
	at org.springframework.beans.factory.support.DefaultSingletonBeanRegistry.getSingleton(DefaultSingletonBeanRegistry.java:234) ~[spring-beans-5.3.26.jar:5.3.26]
	at org.springframework.beans.factory.support.AbstractBeanFactory.doGetBean(AbstractBeanFactory.java:333) ~[spring-beans-5.3.26.jar:5.3.26]
	at org.springframework.beans.factory.support.AbstractBeanFactory.getBean(AbstractBeanFactory.java:208) ~[spring-beans-5.3.26.jar:5.3.26]
	at org.springframework.beans.factory.support.DefaultListableBeanFactory.preInstantiateSingletons(DefaultListableBeanFactory.java:955) ~[spring-beans-5.3.26.jar:5.3.26]
	at org.springframework.context.support.AbstractApplicationContext.finishBeanFactoryInitialization(AbstractApplicationContext.java:920) ~[spring-context-5.3.26.jar:5.3.26]
	at org.springframework.context.support.AbstractApplicationContext.refresh(AbstractApplicationContext.java:583) ~[spring-context-5.3.26.jar:5.3.26]
	at org.springframework.boot.web.servlet.context.ServletWebServerApplicationContext.refresh(ServletWebServerApplicationContext.java:147) ~[spring-boot-2.7.10.jar:2.7.10]
	at org.springframework.boot.SpringApplication.refresh(SpringApplication.java:731) [spring-boot-2.7.10.jar:2.7.10]
	at org.springframework.boot.SpringApplication.refreshContext(SpringApplication.java:408) [spring-boot-2.7.10.jar:2.7.10]
	at org.springframework.boot.SpringApplication.run(SpringApplication.java:307) [spring-boot-2.7.10.jar:2.7.10]
	at org.springframework.boot.SpringApplication.run(SpringApplication.java:1303) [spring-boot-2.7.10.jar:2.7.10]
	at org.springframework.boot.SpringApplication.run(SpringApplication.java:1292) [spring-boot-2.7.10.jar:2.7.10]
	at com.ricoh.jwdaas.JwDaasApplication.main(JwDaasApplication.java:10) [classes/:na]
Caused by: java.lang.IllegalStateException: Ambiguous mapping. Cannot map 'userController' method 
com.ricoh.jwdaas.controller.UserController#user()
to {GET [/user]}: There is already 'cpntroller' bean method
com.ricoh.jwdaas.Cpntroller#user() mapped.
	at org.springframework.web.servlet.handler.AbstractHandlerMethodMapping$MappingRegistry.validateMethodMapping(AbstractHandlerMethodMapping.java:669) ~[spring-webmvc-5.3.26.jar:5.3.26]
	at org.springframework.web.servlet.handler.AbstractHandlerMethodMapping$MappingRegistry.register(AbstractHandlerMethodMapping.java:635) ~[spring-webmvc-5.3.26.jar:5.3.26]
	at org.springframework.web.servlet.handler.AbstractHandlerMethodMapping.registerHandlerMethod(AbstractHandlerMethodMapping.java:332) ~[spring-webmvc-5.3.26.jar:5.3.26]
	at org.springframework.web.servlet.mvc.method.annotation.RequestMappingHandlerMapping.registerHandlerMethod(RequestMappingHandlerMapping.java:420) ~[spring-webmvc-5.3.26.jar:5.3.26]
	at org.springframework.web.servlet.mvc.method.annotation.RequestMappingHandlerMapping.registerHandlerMethod(RequestMappingHandlerMapping.java:76) ~[spring-webmvc-5.3.26.jar:5.3.26]
	at org.springframework.web.servlet.handler.AbstractHandlerMethodMapping.lambda$detectHandlerMethods$2(AbstractHandlerMethodMapping.java:299) ~[spring-webmvc-5.3.26.jar:5.3.26]
	at java.util.LinkedHashMap.forEach(LinkedHashMap.java:676) ~[na:1.8.0_60]
	at org.springframework.web.servlet.handler.AbstractHandlerMethodMapping.detectHandlerMethods(AbstractHandlerMethodMapping.java:297) ~[spring-webmvc-5.3.26.jar:5.3.26]
	at org.springframework.web.servlet.handler.AbstractHandlerMethodMapping.processCandidateBean(AbstractHandlerMethodMapping.java:266) ~[spring-webmvc-5.3.26.jar:5.3.26]
	at org.springframework.web.servlet.handler.AbstractHandlerMethodMapping.initHandlerMethods(AbstractHandlerMethodMapping.java:225) ~[spring-webmvc-5.3.26.jar:5.3.26]
	at org.springframework.web.servlet.handler.AbstractHandlerMethodMapping.afterPropertiesSet(AbstractHandlerMethodMapping.java:213) ~[spring-webmvc-5.3.26.jar:5.3.26]
	at org.springframework.web.servlet.mvc.method.annotation.RequestMappingHandlerMapping.afterPropertiesSet(RequestMappingHandlerMapping.java:205) ~[spring-webmvc-5.3.26.jar:5.3.26]
	at org.springframework.beans.factory.support.AbstractAutowireCapableBeanFactory.invokeInitMethods(AbstractAutowireCapableBeanFactory.java:1863) ~[spring-beans-5.3.26.jar:5.3.26]
	at org.springframework.beans.factory.support.AbstractAutowireCapableBeanFactory.initializeBean(AbstractAutowireCapableBeanFactory.java:1800) ~[spring-beans-5.3.26.jar:5.3.26]
	... 16 common frames omitted

2023-04-11 19:03:41.604  INFO 30536 --- [main] com.ricoh.jwdaas.JwDaasApplication       : Starting JwDaasApplication using Java 1.8.0_60 on doa7904 with PID 30536 (D:\ideaworkspace\JwDaas\target\classes started by 136624 in D:\ideaworkspace\JwDaas)
2023-04-11 19:03:41.606  INFO 30536 --- [main] com.ricoh.jwdaas.JwDaasApplication       : The following 1 profile is active: "dev"
2023-04-11 19:03:42.325  INFO 30536 --- [main] o.s.b.w.embedded.tomcat.TomcatWebServer  : Tomcat initialized with port(s): 8080 (http)
2023-04-11 19:03:42.330  INFO 30536 --- [main] o.apache.catalina.core.StandardService   : Starting service [Tomcat]
2023-04-11 19:03:42.330  INFO 30536 --- [main] org.apache.catalina.core.StandardEngine  : Starting Servlet engine: [Apache Tomcat/9.0.73]
2023-04-11 19:03:42.446  INFO 30536 --- [main] o.a.c.c.C.[Tomcat].[localhost].[/]       : Initializing Spring embedded WebApplicationContext
2023-04-11 19:03:42.447  INFO 30536 --- [main] w.s.c.ServletWebServerApplicationContext : Root WebApplicationContext: initialization completed in 815 ms
2023-04-11 19:03:42.519  INFO 30536 --- [main] c.a.d.s.b.a.DruidDataSourceAutoConfigure : Init DruidDataSource
2023-04-11 19:03:42.795  INFO 30536 --- [main] com.alibaba.druid.pool.DruidDataSource   : {dataSource-1} inited
2023-04-11 19:03:43.043  INFO 30536 --- [main] o.s.s.web.DefaultSecurityFilterChain     : Will secure any request with [org.springframework.security.web.session.DisableEncodeUrlFilter@26bbe604, org.springframework.security.web.context.request.async.WebAsyncManagerIntegrationFilter@fe34b86, org.springframework.security.web.context.SecurityContextPersistenceFilter@14a049f9, org.springframework.security.web.header.HeaderWriterFilter@2264ea32, org.springframework.web.filter.CorsFilter@3c98781a, org.springframework.security.web.authentication.logout.LogoutFilter@51ec2856, com.ricoh.jwdaas.filter.JwtRequestFilter@a2ddf26, org.springframework.security.web.savedrequest.RequestCacheAwareFilter@5de6cf3a, org.springframework.security.web.servletapi.SecurityContextHolderAwareRequestFilter@176f7f3b, org.springframework.security.web.authentication.AnonymousAuthenticationFilter@3f736a16, org.springframework.security.web.session.SessionManagementFilter@71e4b308, org.springframework.security.web.access.ExceptionTranslationFilter@5f2bd6d9, org.springframework.security.web.access.intercept.FilterSecurityInterceptor@446626a7]
2023-04-11 19:03:43.297  INFO 30536 --- [main] o.s.b.w.embedded.tomcat.TomcatWebServer  : Tomcat started on port(s): 8080 (http) with context path ''
2023-04-11 19:03:43.304  INFO 30536 --- [main] com.ricoh.jwdaas.JwDaasApplication       : Started JwDaasApplication in 1.985 seconds (JVM running for 3.05)
2023-04-11 19:03:49.877  INFO 30536 --- [http-nio-8080-exec-1] o.a.c.c.C.[Tomcat].[localhost].[/]       : Initializing Spring DispatcherServlet 'dispatcherServlet'
2023-04-11 19:03:49.877  INFO 30536 --- [http-nio-8080-exec-1] o.s.web.servlet.DispatcherServlet        : Initializing Servlet 'dispatcherServlet'
2023-04-11 19:03:49.878  INFO 30536 --- [http-nio-8080-exec-1] o.s.web.servlet.DispatcherServlet        : Completed initialization in 1 ms
2023-04-11 19:03:49.900  WARN 30536 --- [http-nio-8080-exec-1] c.ricoh.jwdaas.filter.JwtRequestFilter   : JWT Token does not begin with Bearer String
2023-04-11 19:06:13.754  INFO 30536 --- [SpringApplicationShutdownHook] com.alibaba.druid.pool.DruidDataSource   : {dataSource-1} closing ...
2023-04-11 19:06:13.756  INFO 30536 --- [SpringApplicationShutdownHook] com.alibaba.druid.pool.DruidDataSource   : {dataSource-1} closed
2023-04-11 19:20:44.154  INFO 14308 --- [main] com.ricoh.jwdaas.JwDaasApplication       : Starting JwDaasApplication using Java 1.8.0_60 on doa7904 with PID 14308 (D:\ideaworkspace\JwDaas\target\classes started by 136624 in D:\ideaworkspace\JwDaas)
2023-04-11 19:20:44.156  INFO 14308 --- [main] com.ricoh.jwdaas.JwDaasApplication       : The following 1 profile is active: "dev"
2023-04-11 19:20:44.926  INFO 14308 --- [main] o.s.b.w.embedded.tomcat.TomcatWebServer  : Tomcat initialized with port(s): 8080 (http)
2023-04-11 19:20:44.932  INFO 14308 --- [main] o.apache.catalina.core.StandardService   : Starting service [Tomcat]
2023-04-11 19:20:44.932  INFO 14308 --- [main] org.apache.catalina.core.StandardEngine  : Starting Servlet engine: [Apache Tomcat/9.0.73]
2023-04-11 19:20:45.054  INFO 14308 --- [main] o.a.c.c.C.[Tomcat].[localhost].[/]       : Initializing Spring embedded WebApplicationContext
2023-04-11 19:20:45.054  INFO 14308 --- [main] w.s.c.ServletWebServerApplicationContext : Root WebApplicationContext: initialization completed in 868 ms
2023-04-11 19:20:45.131  INFO 14308 --- [main] c.a.d.s.b.a.DruidDataSourceAutoConfigure : Init DruidDataSource
2023-04-11 19:20:45.422  INFO 14308 --- [main] com.alibaba.druid.pool.DruidDataSource   : {dataSource-1} inited
2023-04-11 19:20:45.674  INFO 14308 --- [main] o.s.s.web.DefaultSecurityFilterChain     : Will secure any request with [org.springframework.security.web.session.DisableEncodeUrlFilter@26bbe604, org.springframework.security.web.context.request.async.WebAsyncManagerIntegrationFilter@fe34b86, org.springframework.security.web.context.SecurityContextPersistenceFilter@14a049f9, org.springframework.security.web.header.HeaderWriterFilter@2264ea32, org.springframework.web.filter.CorsFilter@3c98781a, org.springframework.security.web.authentication.logout.LogoutFilter@51ec2856, com.ricoh.jwdaas.filter.JwtRequestFilter@45404d5, org.springframework.security.web.savedrequest.RequestCacheAwareFilter@5de6cf3a, org.springframework.security.web.servletapi.SecurityContextHolderAwareRequestFilter@176f7f3b, org.springframework.security.web.authentication.AnonymousAuthenticationFilter@3f736a16, org.springframework.security.web.session.SessionManagementFilter@71e4b308, org.springframework.security.web.access.ExceptionTranslationFilter@5f2bd6d9, org.springframework.security.web.access.intercept.FilterSecurityInterceptor@446626a7]
2023-04-11 19:20:45.933  INFO 14308 --- [main] o.s.b.w.embedded.tomcat.TomcatWebServer  : Tomcat started on port(s): 8080 (http) with context path ''
2023-04-11 19:20:45.941  INFO 14308 --- [main] com.ricoh.jwdaas.JwDaasApplication       : Started JwDaasApplication in 2.057 seconds (JVM running for 3.168)
2023-04-11 19:20:50.486  INFO 14308 --- [http-nio-8080-exec-1] o.a.c.c.C.[Tomcat].[localhost].[/]       : Initializing Spring DispatcherServlet 'dispatcherServlet'
2023-04-11 19:20:50.487  INFO 14308 --- [http-nio-8080-exec-1] o.s.web.servlet.DispatcherServlet        : Initializing Servlet 'dispatcherServlet'
2023-04-11 19:20:50.487  INFO 14308 --- [http-nio-8080-exec-1] o.s.web.servlet.DispatcherServlet        : Completed initialization in 0 ms
2023-04-11 19:20:50.506  WARN 14308 --- [http-nio-8080-exec-1] c.ricoh.jwdaas.filter.JwtRequestFilter   : JWT Token does not begin with Bearer String
2023-04-11 19:29:26.454  INFO 14308 --- [SpringApplicationShutdownHook] com.alibaba.druid.pool.DruidDataSource   : {dataSource-1} closing ...
2023-04-11 19:29:26.456  INFO 14308 --- [SpringApplicationShutdownHook] com.alibaba.druid.pool.DruidDataSource   : {dataSource-1} closed
2023-04-11 19:32:40.592  INFO 25868 --- [main] com.ricoh.jwdaas.JwDaasApplicationTests  : Starting JwDaasApplicationTests using Java 1.8.0_60 on doa7904 with PID 25868 (started by 136624 in D:\ideaworkspace\JwDaas)
2023-04-11 19:32:40.626  INFO 25868 --- [main] com.ricoh.jwdaas.JwDaasApplicationTests  : The following 1 profile is active: "dev"
2023-04-11 19:32:42.036  INFO 25868 --- [main] c.a.d.s.b.a.DruidDataSourceAutoConfigure : Init DruidDataSource
2023-04-11 19:32:43.557  INFO 25868 --- [main] com.alibaba.druid.pool.DruidDataSource   : {dataSource-1} inited
2023-04-11 19:32:43.991  INFO 25868 --- [main] o.s.s.web.DefaultSecurityFilterChain     : Will secure any request with [org.springframework.security.web.session.DisableEncodeUrlFilter@493b01ef, org.springframework.security.web.context.request.async.WebAsyncManagerIntegrationFilter@36c2d629, org.springframework.security.web.context.SecurityContextPersistenceFilter@3a4ab7f7, org.springframework.security.web.header.HeaderWriterFilter@39c96e48, org.springframework.web.filter.CorsFilter@55fee662, org.springframework.security.web.authentication.logout.LogoutFilter@365cdacf, com.ricoh.jwdaas.filter.JwtRequestFilter@54089484, org.springframework.security.web.savedrequest.RequestCacheAwareFilter@2b7e8044, org.springframework.security.web.servletapi.SecurityContextHolderAwareRequestFilter@63cf9de0, org.springframework.security.web.authentication.AnonymousAuthenticationFilter@45adc393, org.springframework.security.web.session.SessionManagementFilter@40d23c82, org.springframework.security.web.access.ExceptionTranslationFilter@4548d254, org.springframework.security.web.access.intercept.FilterSecurityInterceptor@7d17ee50]
2023-04-11 19:32:45.130  INFO 25868 --- [main] com.ricoh.jwdaas.JwDaasApplicationTests  : Started JwDaasApplicationTests in 4.914 seconds (JVM running for 6.092)
2023-04-11 19:32:45.516  INFO 25868 --- [SpringApplicationShutdownHook] com.alibaba.druid.pool.DruidDataSource   : {dataSource-1} closing ...
2023-04-11 19:32:45.523  INFO 25868 --- [SpringApplicationShutdownHook] com.alibaba.druid.pool.DruidDataSource   : {dataSource-1} closed
