2023-04-11 19:29:55.272  INFO 28696 --- [main] com.ricoh.jwdaas.JwDaasApplication       : Starting JwDaasApplication using Java 1.8.0_60 on doa7904 with PID 28696 (D:\ideaworkspace\JwDaas\out\artifacts\JwDaas_jar\JwDaas.jar started by 136624 in D:\ideaworkspace\JwDaas\out\artifacts\JwDaas_jar)
2023-04-11 19:29:55.274  INFO 28696 --- [main] com.ricoh.jwdaas.JwDaasApplication       : The following 1 profile is active: "dev"
2023-04-11 19:29:55.403  WARN 28696 --- [main] s.c.a.AnnotationConfigApplicationContext : Exception encountered during context initialization - cancelling refresh attempt: org.springframework.beans.factory.BeanDefinitionStoreException: Failed to parse configuration class [com.ricoh.jwdaas.JwDaasApplication]; nested exception is org.springframework.core.NestedIOException: Failed to load class [javax.servlet.Filter]; nested exception is java.lang.ClassNotFoundException: javax.servlet.Filter
2023-04-11 19:29:55.418 ERROR 28696 --- [main] o.s.boot.SpringApplication               : Application run failed

org.springframework.beans.factory.BeanDefinitionStoreException: Failed to parse configuration class [com.ricoh.jwdaas.JwDaasApplication]; nested exception is org.springframework.core.NestedIOException: Failed to load class [javax.servlet.Filter]; nested exception is java.lang.ClassNotFoundException: javax.servlet.Filter
	at org.springframework.context.annotation.ConfigurationClassParser.parse(ConfigurationClassParser.java:188) ~[JwDaas.jar:na]
	at org.springframework.context.annotation.ConfigurationClassPostProcessor.processConfigBeanDefinitions(ConfigurationClassPostProcessor.java:331) ~[JwDaas.jar:na]
	at org.springframework.context.annotation.ConfigurationClassPostProcessor.postProcessBeanDefinitionRegistry(ConfigurationClassPostProcessor.java:247) ~[JwDaas.jar:na]
	at org.springframework.context.support.PostProcessorRegistrationDelegate.invokeBeanDefinitionRegistryPostProcessors(PostProcessorRegistrationDelegate.java:311) ~[JwDaas.jar:na]
	at org.springframework.context.support.PostProcessorRegistrationDelegate.invokeBeanFactoryPostProcessors(PostProcessorRegistrationDelegate.java:112) ~[JwDaas.jar:na]
	at org.springframework.context.support.AbstractApplicationContext.invokeBeanFactoryPostProcessors(AbstractApplicationContext.java:748) ~[JwDaas.jar:na]
	at org.springframework.context.support.AbstractApplicationContext.refresh(AbstractApplicationContext.java:564) ~[JwDaas.jar:na]
	at org.springframework.boot.SpringApplication.refresh(SpringApplication.java:731) [JwDaas.jar:na]
	at org.springframework.boot.SpringApplication.refreshContext(SpringApplication.java:408) [JwDaas.jar:na]
	at org.springframework.boot.SpringApplication.run(SpringApplication.java:307) [JwDaas.jar:na]
	at org.springframework.boot.SpringApplication.run(SpringApplication.java:1303) [JwDaas.jar:na]
	at org.springframework.boot.SpringApplication.run(SpringApplication.java:1292) [JwDaas.jar:na]
	at com.ricoh.jwdaas.JwDaasApplication.main(JwDaasApplication.java:10) [JwDaas.jar:na]
Caused by: org.springframework.core.NestedIOException: Failed to load class [javax.servlet.Filter]; nested exception is java.lang.ClassNotFoundException: javax.servlet.Filter
	at org.springframework.context.annotation.ConfigurationClassParser.asSourceClass(ConfigurationClassParser.java:693) ~[JwDaas.jar:na]
	at org.springframework.context.annotation.ConfigurationClassParser$SourceClass.getInterfaces(ConfigurationClassParser.java:1024) ~[JwDaas.jar:na]
	at org.springframework.context.annotation.ConfigurationClassParser.processInterfaces(ConfigurationClassParser.java:385) ~[JwDaas.jar:na]
	at org.springframework.context.annotation.ConfigurationClassParser.doProcessConfigurationClass(ConfigurationClassParser.java:331) ~[JwDaas.jar:na]
	at org.springframework.context.annotation.ConfigurationClassParser.processConfigurationClass(ConfigurationClassParser.java:249) ~[JwDaas.jar:na]
	at org.springframework.context.annotation.ConfigurationClassParser.parse(ConfigurationClassParser.java:198) ~[JwDaas.jar:na]
	at org.springframework.context.annotation.ConfigurationClassParser.doProcessConfigurationClass(ConfigurationClassParser.java:303) ~[JwDaas.jar:na]
	at org.springframework.context.annotation.ConfigurationClassParser.processConfigurationClass(ConfigurationClassParser.java:249) ~[JwDaas.jar:na]
	at org.springframework.context.annotation.ConfigurationClassParser.parse(ConfigurationClassParser.java:206) ~[JwDaas.jar:na]
	at org.springframework.context.annotation.ConfigurationClassParser.parse(ConfigurationClassParser.java:174) ~[JwDaas.jar:na]
	... 12 common frames omitted
Caused by: java.lang.ClassNotFoundException: javax.servlet.Filter
	at java.net.URLClassLoader.findClass(Unknown Source) ~[na:1.8.0_60]
	at java.lang.ClassLoader.loadClass(Unknown Source) ~[na:1.8.0_60]
	at sun.misc.Launcher$AppClassLoader.loadClass(Unknown Source) ~[na:1.8.0_60]
	at java.lang.ClassLoader.loadClass(Unknown Source) ~[na:1.8.0_60]
	at java.lang.Class.forName0(Native Method) ~[na:1.8.0_60]
	at java.lang.Class.forName(Unknown Source) ~[na:1.8.0_60]
	at org.springframework.util.ClassUtils.forName(ClassUtils.java:284) ~[JwDaas.jar:na]
	at org.springframework.context.annotation.ConfigurationClassParser.asSourceClass(ConfigurationClassParser.java:690) ~[JwDaas.jar:na]
	... 21 common frames omitted

